
COLUMN_NAME          NUM_DISTINCT  NUM_NULLS    DENSITY        LOW       HIGH
-------------------- ------------ ---------- ---------- ---------- ----------
MONTH_NO                       12        120 ,083333333          1         12
ID                           1200          0 ,000833333          1       1200

2 rows selected.


COLUMN_NAME          ENDPOINT_NUMBER ENDPOINT_VALUE
-------------------- --------------- --------------
ID                                 0              1
ID                                 1           1200
MONTH_NO                           0              1
MONTH_NO                           1             12

4 rows selected.


Execution Plan
----------------------------------------------------------
Plan hash value: 3337892515

---------------------------------------------------------------
| Id  | Operation          | Name     | Rows  | Bytes | Cost  |
---------------------------------------------------------------
|   0 | SELECT STATEMENT   |          |     1 |     3 |     2 |
|   1 |  SORT AGGREGATE    |          |     1 |     3 |       |
|*  2 |   TABLE ACCESS FULL| AUDIENCE |    90 |   270 |     2 |
---------------------------------------------------------------

Predicate Information (identified by operation id):
---------------------------------------------------

   2 - filter("MONTH_NO"=12)

Note
-----
   - cpu costing is off (consider enabling it)

