
Execution Plan
----------------------------------------------------------
Plan hash value: 3337892515

---------------------------------------------------------------
| Id  | Operation          | Name     | Rows  | Bytes | Cost  |
---------------------------------------------------------------
|   0 | SELECT STATEMENT   |          |     1 |     3 |     2 |
|   1 |  SORT AGGREGATE    |          |     1 |     3 |       |
|*  2 |   TABLE ACCESS FULL| AUDIENCE |   100 |   300 |     2 |
---------------------------------------------------------------

Predicate Information (identified by operation id):
---------------------------------------------------

   2 - filter("MONTH_NO"=1 OR "MONTH_NO"=25)

Note
-----
   - cpu costing is off (consider enabling it)


Execution Plan
----------------------------------------------------------
Plan hash value: 3337892515

---------------------------------------------------------------
| Id  | Operation          | Name     | Rows  | Bytes | Cost  |
---------------------------------------------------------------
|   0 | SELECT STATEMENT   |          |     1 |     3 |     2 |
|   1 |  SORT AGGREGATE    |          |     1 |     3 |       |
|*  2 |   TABLE ACCESS FULL| AUDIENCE |  1100 |  3300 |     2 |
---------------------------------------------------------------

Predicate Information (identified by operation id):
---------------------------------------------------

   2 - filter("MONTH_NO"<>1 AND "MONTH_NO"<>25)

Note
-----
   - cpu costing is off (consider enabling it)


Execution Plan
----------------------------------------------------------
Plan hash value: 863627703

-----------------------------------------------------------------
| Id  | Operation            | Name     | Rows  | Bytes | Cost  |
-----------------------------------------------------------------
|   0 | SELECT STATEMENT     |          |     1 |       |     4 |
|   1 |  SORT AGGREGATE      |          |     1 |       |       |
|   2 |   VIEW               |          |  1200 |       |     4 |
|   3 |    UNION-ALL         |          |       |       |       |
|*  4 |     TABLE ACCESS FULL| AUDIENCE |   100 |   300 |     2 |
|*  5 |     TABLE ACCESS FULL| AUDIENCE |  1100 |  3300 |     2 |
-----------------------------------------------------------------

Predicate Information (identified by operation id):
---------------------------------------------------

   4 - filter("MONTH_NO"=1 OR "MONTH_NO"=25)
   5 - filter("MONTH_NO"<>1 AND "MONTH_NO"<>25)

Note
-----
   - cpu costing is off (consider enabling it)


Execution Plan
----------------------------------------------------------
Plan hash value: 1048429608

-----------------------------------------------------------------
| Id  | Operation            | Name     | Rows  | Bytes | Cost  |
-----------------------------------------------------------------
|   0 | SELECT STATEMENT     |          |    24 |   312 |     2 |
|   1 |  VIEW                |          |    24 |   312 |     2 |
|   2 |   UNION-ALL          |          |       |       |       |
|*  3 |    TABLE ACCESS FULL | AUDIENCE |     1 |     3 |     2 |
|*  4 |    FILTER            |          |       |       |       |
|*  5 |     TABLE ACCESS FULL| AUDIENCE |     1 |     3 |     2 |
-----------------------------------------------------------------

Predicate Information (identified by operation id):
---------------------------------------------------

   3 - filter("AUDIENCE"."MONTH_NO"=25)
   4 - filter(NULL IS NOT NULL)
   5 - filter("MONTH_NO"<>1 AND "MONTH_NO"<>25 AND
              "AUDIENCE"."MONTH_NO"=25)

Note
-----
   - cpu costing is off (consider enabling it)

