Equality
========

Execution Plan
----------------------------------------------------------
Plan hash value: 3724264953

-----------------------------------------------------------
| Id  | Operation          | Name | Rows  | Bytes | Cost  |
-----------------------------------------------------------
|   0 | SELECT STATEMENT   |      |     1 |     6 |     4 |
|   1 |  SORT AGGREGATE    |      |     1 |     6 |       |
|*  2 |   TABLE ACCESS FULL| T1   |     1 |     6 |     4 |
-----------------------------------------------------------

Predicate Information (identified by operation id):
---------------------------------------------------

   2 - filter("PLANET"='Mars')

Note
-----
   - cpu costing is off (consider enabling it)


Execution Plan
----------------------------------------------------------
Plan hash value: 3724264953

-----------------------------------------------------------
| Id  | Operation          | Name | Rows  | Bytes | Cost  |
-----------------------------------------------------------
|   0 | SELECT STATEMENT   |      |     1 |     9 |     4 |
|   1 |  SORT AGGREGATE    |      |     1 |     9 |       |
|*  2 |   TABLE ACCESS FULL| T1   |  1500 | 13500 |     4 |
-----------------------------------------------------------

Predicate Information (identified by operation id):
---------------------------------------------------

   2 - filter("CONTINENT"='Europe')

Note
-----
   - cpu costing is off (consider enabling it)


Execution Plan
----------------------------------------------------------
Plan hash value: 3724264953

-----------------------------------------------------------
| Id  | Operation          | Name | Rows  | Bytes | Cost  |
-----------------------------------------------------------
|   0 | SELECT STATEMENT   |      |     1 |    10 |     4 |
|   1 |  SORT AGGREGATE    |      |     1 |    10 |       |
|*  2 |   TABLE ACCESS FULL| T1   |   622 |  6220 |     4 |
-----------------------------------------------------------

Predicate Information (identified by operation id):
---------------------------------------------------

   2 - filter("COUNTRY"='Zog')

Note
-----
   - cpu costing is off (consider enabling it)


Execution Plan
----------------------------------------------------------
Plan hash value: 3724264953

-----------------------------------------------------------
| Id  | Operation          | Name | Rows  | Bytes | Cost  |
-----------------------------------------------------------
|   0 | SELECT STATEMENT   |      |     1 |     3 |     4 |
|   1 |  SORT AGGREGATE    |      |     1 |     3 |       |
|*  2 |   TABLE ACCESS FULL| T1   |     1 |     3 |     4 |
-----------------------------------------------------------

Predicate Information (identified by operation id):
---------------------------------------------------

   2 - filter("ONE"=2)

Note
-----
   - cpu costing is off (consider enabling it)

Greater Than
============

Execution Plan
----------------------------------------------------------
Plan hash value: 3724264953

-----------------------------------------------------------
| Id  | Operation          | Name | Rows  | Bytes | Cost  |
-----------------------------------------------------------
|   0 | SELECT STATEMENT   |      |     1 |     6 |     4 |
|   1 |  SORT AGGREGATE    |      |     1 |     6 |       |
|*  2 |   TABLE ACCESS FULL| T1   |     1 |     6 |     4 |
-----------------------------------------------------------

Predicate Information (identified by operation id):
---------------------------------------------------

   2 - filter("PLANET">'Mars')

Note
-----
   - cpu costing is off (consider enabling it)


Execution Plan
----------------------------------------------------------
Plan hash value: 3724264953

-----------------------------------------------------------
| Id  | Operation          | Name | Rows  | Bytes | Cost  |
-----------------------------------------------------------
|   0 | SELECT STATEMENT   |      |     1 |     9 |     4 |
|   1 |  SORT AGGREGATE    |      |     1 |     9 |       |
|*  2 |   TABLE ACCESS FULL| T1   |  1500 | 13500 |     4 |
-----------------------------------------------------------

Predicate Information (identified by operation id):
---------------------------------------------------

   2 - filter("CONTINENT">'Europe')

Note
-----
   - cpu costing is off (consider enabling it)


Execution Plan
----------------------------------------------------------
Plan hash value: 3724264953

-----------------------------------------------------------
| Id  | Operation          | Name | Rows  | Bytes | Cost  |
-----------------------------------------------------------
|   0 | SELECT STATEMENT   |      |     1 |    10 |     4 |
|   1 |  SORT AGGREGATE    |      |     1 |    10 |       |
|*  2 |   TABLE ACCESS FULL| T1   |   622 |  6220 |     4 |
-----------------------------------------------------------

Predicate Information (identified by operation id):
---------------------------------------------------

   2 - filter("COUNTRY">'Zog')

Note
-----
   - cpu costing is off (consider enabling it)


Execution Plan
----------------------------------------------------------
Plan hash value: 3724264953

-----------------------------------------------------------
| Id  | Operation          | Name | Rows  | Bytes | Cost  |
-----------------------------------------------------------
|   0 | SELECT STATEMENT   |      |     1 |     3 |     4 |
|   1 |  SORT AGGREGATE    |      |     1 |     3 |       |
|*  2 |   TABLE ACCESS FULL| T1   |     1 |     3 |     4 |
-----------------------------------------------------------

Predicate Information (identified by operation id):
---------------------------------------------------

   2 - filter("ONE">2)

Note
-----
   - cpu costing is off (consider enabling it)

